<?xml version="1.0" encoding="UTF-8"?>
<!-- Generated by org.testng.reporters.JUnitReportReporter -->
<testsuite hostname="DESKTOP-2UAG5NG" failures="0" tests="1" name="com.mystore.testcases.TC_NewUserCreateTest" time="59.883" errors="0" timestamp="5 Jan 2024 05:17:13 GMT">
  <testcase classname="com.mystore.testcases.TC_NewUserCreateTest" name="verifyLogin" time="59.883"/>
</testsuite> <!-- com.mystore.testcases.TC_NewUserCreateTest -->
